<?xml version="1.0" encoding="UTF-8"?>
<!-- Generated by org.testng.reporters.JUnitXMLReporter -->
<testsuite ignored="2" hostname="DESKTOP-K4E0E9M" failures="0" tests="1" name="Personal loan Test" time="0.059" errors="0" timestamp="2023-05-15T20:56:43 WAT">
  <testcase classname="TestNG.Test2" name="Demo" time="0.006"/>
  <testcase classname="TestNG.Test2" name="SecondTest" time="0.0">
    <ignored/>
  </testcase> <!-- SecondTest -->
  <testcase classname="TestNG.Test1" name="Demo" time="0.0">
    <ignored/>
  </testcase> <!-- Demo -->
</testsuite> <!-- Personal loan Test -->
